[debug] [2023-10-25T06:45:06.783Z] ----------------------------------------------------------------------
[debug] [2023-10-25T06:45:06.785Z] Command:       C:\Program Files\nodejs\node.exe C:\Users\VINICIO BORJA\AppData\Roaming\npm\node_modules\firebase-tools\lib\bin\firebase.js init
[debug] [2023-10-25T06:45:06.785Z] CLI Version:   12.7.0
[debug] [2023-10-25T06:45:06.786Z] Platform:      win32
[debug] [2023-10-25T06:45:06.786Z] Node Version:  v18.16.0
[debug] [2023-10-25T06:45:06.787Z] Time:          Wed Oct 25 2023 01:45:06 GMT-0500 (Ecuador Time)
[debug] [2023-10-25T06:45:06.787Z] ----------------------------------------------------------------------
[debug] 
[debug] [2023-10-25T06:45:06.795Z] > command requires scopes: ["email","openid","https://www.googleapis.com/auth/cloudplatformprojects.readonly","https://www.googleapis.com/auth/firebase","https://www.googleapis.com/auth/cloud-platform"]
[debug] [2023-10-25T06:45:06.796Z] > authorizing via signed-in user (vinicio.borja10@gmail.com)
[info] 
     ######## #### ########  ######## ########     ###     ######  ########
     ##        ##  ##     ## ##       ##     ##  ##   ##  ##       ##
     ######    ##  ########  ######   ########  #########  ######  ######
     ##        ##  ##    ##  ##       ##     ## ##     ##       ## ##
     ##       #### ##     ## ######## ########  ##     ##  ######  ########

You're about to initialize a Firebase project in this directory:

  D:\descargas\Downloads\cursos-2023\ingMilton\angular-rest-server\angular-junta-agua

[info] 
=== Project Setup
[info] 
[info] First, let's associate this project directory with a Firebase project.
[info] You can create multiple project aliases by running firebase use --add, 
[info] but for now we'll just set up a default project.
[info] 
[info] i  If you want to create a project in a Google Cloud organization or folder, please use "firebase projects:create" instead, and return to this command when you've created the project. 
[debug] [2023-10-25T06:45:59.858Z] >>> [apiv2][query] POST https://cloudresourcemanager.googleapis.com/v1/projects [none]
[debug] [2023-10-25T06:45:59.860Z] >>> [apiv2][body] POST https://cloudresourcemanager.googleapis.com/v1/projects {"projectId":"pwa-junta","name":" pwa-junta"}
[debug] [2023-10-25T06:46:00.693Z] <<< [apiv2][status] POST https://cloudresourcemanager.googleapis.com/v1/projects 200
[debug] [2023-10-25T06:46:00.694Z] <<< [apiv2][body] POST https://cloudresourcemanager.googleapis.com/v1/projects {"name":"operations/cp.7273208682121695906"}
[debug] [2023-10-25T06:46:00.699Z] >>> [apiv2][query] GET https://cloudresourcemanager.googleapis.com/v1/operations/cp.7273208682121695906 [none]
[debug] [2023-10-25T06:46:01.426Z] <<< [apiv2][status] GET https://cloudresourcemanager.googleapis.com/v1/operations/cp.7273208682121695906 200
[debug] [2023-10-25T06:46:01.427Z] <<< [apiv2][body] GET https://cloudresourcemanager.googleapis.com/v1/operations/cp.7273208682121695906 {"name":"operations/cp.7273208682121695906"}
[debug] [2023-10-25T06:46:01.937Z] [Project Creation Poller] Retrying task index 0
[debug] [2023-10-25T06:46:01.939Z] >>> [apiv2][query] GET https://cloudresourcemanager.googleapis.com/v1/operations/cp.7273208682121695906 [none]
[debug] [2023-10-25T06:46:02.663Z] <<< [apiv2][status] GET https://cloudresourcemanager.googleapis.com/v1/operations/cp.7273208682121695906 200
[debug] [2023-10-25T06:46:02.663Z] <<< [apiv2][body] GET https://cloudresourcemanager.googleapis.com/v1/operations/cp.7273208682121695906 {"name":"operations/cp.7273208682121695906"}
[debug] [2023-10-25T06:46:03.665Z] [Project Creation Poller] Retrying task index 0
[debug] [2023-10-25T06:46:03.666Z] >>> [apiv2][query] GET https://cloudresourcemanager.googleapis.com/v1/operations/cp.7273208682121695906 [none]
[debug] [2023-10-25T06:46:04.433Z] <<< [apiv2][status] GET https://cloudresourcemanager.googleapis.com/v1/operations/cp.7273208682121695906 200
[debug] [2023-10-25T06:46:04.433Z] <<< [apiv2][body] GET https://cloudresourcemanager.googleapis.com/v1/operations/cp.7273208682121695906 {"name":"operations/cp.7273208682121695906","metadata":{"@type":"type.googleapis.com/google.cloudresourcemanager.v1.ProjectCreationStatus","gettable":true,"ready":true},"done":true,"response":{"@type":"type.googleapis.com/google.cloudresourcemanager.v1.Project","projectNumber":"552443418191","projectId":"pwa-junta","lifecycleState":"ACTIVE","name":" pwa-junta","createTime":"2023-10-25T06:46:03.483Z"}}
[debug] [2023-10-25T06:46:04.434Z] >>> [apiv2][query] POST https://firebase.googleapis.com/v1beta1/projects/pwa-junta:addFirebase [none]
[debug] [2023-10-25T06:46:05.289Z] <<< [apiv2][status] POST https://firebase.googleapis.com/v1beta1/projects/pwa-junta:addFirebase 403
[debug] [2023-10-25T06:46:05.289Z] <<< [apiv2][body] POST https://firebase.googleapis.com/v1beta1/projects/pwa-junta:addFirebase {"error":{"code":403,"message":"The caller does not have permission","status":"PERMISSION_DENIED"}}
[debug] [2023-10-25T06:46:05.291Z] HTTP Error: 403, The caller does not have permission
[debug] [2023-10-25T06:46:05.524Z] FirebaseError: HTTP Error: 403, The caller does not have permission
    at responseToError (C:\Users\VINICIO BORJA\AppData\Roaming\npm\node_modules\firebase-tools\lib\responseToError.js:49:12)
    at RetryOperation._fn (C:\Users\VINICIO BORJA\AppData\Roaming\npm\node_modules\firebase-tools\lib\apiv2.js:285:77)
    at process.processTicksAndRejections (node:internal/process/task_queues:95:5)
[error] 
[error] Error: Failed to add Firebase to Google Cloud Platform project. See firebase-debug.log for more info.
